<?xml version="1.0" encoding="UTF-8"?>
<testsuite name="testproject.AggregatorTest" tests="3" skipped="0" failures="0" errors="0" timestamp="2023-12-15T14:11:49" hostname="DESKTOP-HVTHOHV" time="0.261">
  <properties/>
  <testcase name="testInitialState()" classname="testproject.AggregatorTest" time="0.249"/>
  <testcase name="testMultipleAdditions()" classname="testproject.AggregatorTest" time="0.005"/>
  <testcase name="testSingleAddition()" classname="testproject.AggregatorTest" time="0.002"/>
  <system-out><![CDATA[]]></system-out>
  <system-err><![CDATA[]]></system-err>
</testsuite>
