<?xml version="1.0" encoding="UTF-8"?>
<testsuite name="testproject.CalculatorTest" tests="2" skipped="0" failures="0" errors="0" timestamp="2023-12-15T15:00:53" hostname="DESKTOP-HVTHOHV" time="0.252">
  <properties/>
  <testcase name="testSum()" classname="testproject.CalculatorTest" time="0.246"/>
  <testcase name="testSubtract()" classname="testproject.CalculatorTest" time="0.002"/>
  <system-out><![CDATA[]]></system-out>
  <system-err><![CDATA[]]></system-err>
</testsuite>
