<?xml version="1.0" encoding="UTF-8"?>
<testsuite name="testproject.CalculatorTest" tests="2" skipped="0" failures="0" errors="0" timestamp="2023-12-14T17:00:01" hostname="DESKTOP-HVTHOHV" time="0.005">
  <properties/>
  <testcase name="testSum()" classname="testproject.CalculatorTest" time="0.003"/>
  <testcase name="testSubtract()" classname="testproject.CalculatorTest" time="0.001"/>
  <system-out><![CDATA[]]></system-out>
  <system-err><![CDATA[]]></system-err>
</testsuite>
